Arguments: 
  /Users/sergio.moreno/.fnm/node-versions/v12.21.0/installation/bin/node /usr/local/Cellar/yarn/1.22.10/libexec/bin/yarn.js

PATH: 
  /var/folders/99/6q5svn_d7_g8fv6gjl6m1x740000gn/T/fnm_multishell_87711_1624554006943/bin:/usr/local/bin:/usr/bin:/bin:/usr/sbin:/sbin:/Library/Apple/usr/bin

Yarn version: 
  1.22.10

Node version: 
  12.21.0

Platform: 
  darwin x64

Trace: 
  Error: https://registry.yarnpkg.com/@amazhop%2flogic: Not found
      at Request.params.callback [as _callback] (/usr/local/Cellar/yarn/1.22.10/libexec/lib/cli.js:66988:18)
      at Request.self.callback (/usr/local/Cellar/yarn/1.22.10/libexec/lib/cli.js:140749:22)
      at Request.emit (events.js:314:20)
      at Request.<anonymous> (/usr/local/Cellar/yarn/1.22.10/libexec/lib/cli.js:141721:10)
      at Request.emit (events.js:314:20)
      at IncomingMessage.<anonymous> (/usr/local/Cellar/yarn/1.22.10/libexec/lib/cli.js:141643:12)
      at Object.onceWrapper (events.js:420:28)
      at IncomingMessage.emit (events.js:326:22)
      at endReadableNT (_stream_readable.js:1241:12)
      at processTicksAndRejections (internal/process/task_queues.js:84:21)

npm manifest: 
  {
    "name": "chapter-11",
    "version": "0.1.0",
    "main": "__generated__/AppEntry.js",
    "scripts": {
      "start:api": "json-server --watch api/db.json --host 0.0.0.0 --port 8000",
      "postinstall": "expo-yarn-workspaces postinstall",
      "tsc": "tsc --noEmit",
      "lint": "eslint . --ext .js,.jsx,.ts,.tsx",
      "start": "concurrently 'yarn start:api' 'expo start'",
      "android": "concurrently 'yarn start:api' 'expo start --android'",
      "ios": "concurrently 'yarn start:api' 'expo start --ios'",
      "web": "concurrently 'yarn start:api' 'expo start --web'",
      "eject": "expo eject",
      "test": "jest --watchAll"
    },
    "jest": {
      "preset": "jest-expo"
    },
    "dependencies": {
      "@amazhop/logic": "^1.0.0",
      "@expo/vector-icons": "^12.0.0",
      "@react-native-community/masked-view": "0.1.10",
      "@react-navigation/bottom-tabs": "5.11.2",
      "@react-navigation/native": "~5.8.10",
      "@react-navigation/stack": "~5.12.8",
      "@rematch/core": "^2.0.1",
      "@rematch/immer": "^2.0.1",
      "@rematch/loading": "^2.0.1",
      "@rematch/select": "^3.0.1",
      "expo": "~41.0.1",
      "expo-asset": "~8.3.1",
      "expo-constants": "~10.1.3",
      "expo-font": "~9.1.0",
      "expo-linking": "~2.2.3",
      "expo-splash-screen": "~0.10.2",
      "expo-status-bar": "~1.0.4",
      "expo-web-browser": "~9.1.0",
      "immer": "^9.0.3",
      "react": "^17.0.2",
      "react-dom": "^17.0.2",
      "react-native": "https://github.com/expo/react-native/archive/sdk-41.0.0.tar.gz",
      "react-native-gesture-handler": "~1.10.2",
      "react-native-reanimated": "~2.1.0",
      "react-native-safe-area-context": "3.2.0",
      "react-native-screens": "~3.0.0",
      "react-native-web": "~0.13.12",
      "react-redux": "^7.2.4",
      "redaxios": "^0.4.1",
      "redux": "^4.1.0"
    },
    "devDependencies": {
      "@babel/core": "^7.9.0",
      "@types/react": "~16.9.35",
      "@types/react-native": "~0.63.2",
      "concurrently": "^6.2.0",
      "@typescript-eslint/eslint-plugin": "^4.26.1",
      "@typescript-eslint/parser": "^4.26.1",
      "eslint": "^7.24.0",
      "eslint-config-airbnb-typescript": "^12.3.1",
      "eslint-config-prettier": "^8.2.0",
      "eslint-plugin-import": "^2.22.1",
      "eslint-plugin-jest": "^24.3.5",
      "eslint-plugin-jest-dom": "^3.8.1",
      "eslint-plugin-jsx-a11y": "^6.4.1",
      "eslint-plugin-prettier": "^3.4.0",
      "eslint-plugin-react": "^7.23.2",
      "eslint-plugin-react-hooks": "^4.2.0",
      "eslint-plugin-testing-library": "^4.2.0",
      "eslint-plugin-react-native": "^3.11.0",
      "expo-yarn-workspaces": "^1.5.1",
      "jest-expo": "~41.0.0",
      "typescript": "~4.0.0"
    },
    "private": true
  }

yarn manifest: 
  No manifest

Lockfile: 
  No lockfile
